mode: set
github.com/vlazic/mcp-server-manager/internal/config/defaults.go:10.59,12.22 1 1
github.com/vlazic/mcp-server-manager/internal/config/defaults.go:12.22,14.46 2 1
github.com/vlazic/mcp-server-manager/internal/config/defaults.go:14.46,16.56 1 1
github.com/vlazic/mcp-server-manager/internal/config/defaults.go:16.56,18.5 1 0
github.com/vlazic/mcp-server-manager/internal/config/defaults.go:19.4,19.56 1 1
github.com/vlazic/mcp-server-manager/internal/config/defaults.go:21.3,21.23 1 1
github.com/vlazic/mcp-server-manager/internal/config/defaults.go:30.2,36.34 2 0
github.com/vlazic/mcp-server-manager/internal/config/defaults.go:36.34,37.42 1 0
github.com/vlazic/mcp-server-manager/internal/config/defaults.go:37.42,39.4 1 0
github.com/vlazic/mcp-server-manager/internal/config/defaults.go:43.2,44.60 2 0
github.com/vlazic/mcp-server-manager/internal/config/defaults.go:44.60,46.3 1 0
github.com/vlazic/mcp-server-manager/internal/config/defaults.go:48.2,51.28 3 0
github.com/vlazic/mcp-server-manager/internal/config/defaults.go:55.51,56.68 1 1
github.com/vlazic/mcp-server-manager/internal/config/defaults.go:56.68,58.3 1 0
github.com/vlazic/mcp-server-manager/internal/config/defaults.go:60.2,139.78 2 1
github.com/vlazic/mcp-server-manager/internal/config/defaults.go:139.78,141.3 1 0
github.com/vlazic/mcp-server-manager/internal/config/defaults.go:143.2,143.12 1 1
github.com/vlazic/mcp-server-manager/internal/config/defaults.go:147.37,148.37 1 1
github.com/vlazic/mcp-server-manager/internal/config/defaults.go:148.37,150.17 2 1
github.com/vlazic/mcp-server-manager/internal/config/defaults.go:150.17,152.4 1 0
github.com/vlazic/mcp-server-manager/internal/config/defaults.go:153.3,153.39 1 1
github.com/vlazic/mcp-server-manager/internal/config/defaults.go:155.2,155.13 1 1
github.com/vlazic/mcp-server-manager/internal/config/loader.go:15.68,17.16 2 1
github.com/vlazic/mcp-server-manager/internal/config/loader.go:17.16,19.3 1 0
github.com/vlazic/mcp-server-manager/internal/config/loader.go:21.2,22.16 2 1
github.com/vlazic/mcp-server-manager/internal/config/loader.go:22.16,24.3 1 0
github.com/vlazic/mcp-server-manager/internal/config/loader.go:27.2,28.16 2 1
github.com/vlazic/mcp-server-manager/internal/config/loader.go:28.16,30.3 1 1
github.com/vlazic/mcp-server-manager/internal/config/loader.go:33.2,39.28 2 1
github.com/vlazic/mcp-server-manager/internal/config/loader.go:39.28,41.3 1 1
github.com/vlazic/mcp-server-manager/internal/config/loader.go:43.2,43.32 1 1
github.com/vlazic/mcp-server-manager/internal/config/loader.go:46.65,47.22 1 1
github.com/vlazic/mcp-server-manager/internal/config/loader.go:47.22,49.3 1 0
github.com/vlazic/mcp-server-manager/internal/config/loader.go:51.2,51.68 1 1
github.com/vlazic/mcp-server-manager/internal/config/loader.go:51.68,53.3 1 1
github.com/vlazic/mcp-server-manager/internal/config/loader.go:57.2,58.43 2 1
github.com/vlazic/mcp-server-manager/internal/config/loader.go:58.43,60.3 1 1
github.com/vlazic/mcp-server-manager/internal/config/loader.go:63.2,76.16 4 1
github.com/vlazic/mcp-server-manager/internal/config/loader.go:76.16,78.3 1 0
github.com/vlazic/mcp-server-manager/internal/config/loader.go:80.2,80.61 1 1
github.com/vlazic/mcp-server-manager/internal/config/loader.go:80.61,82.3 1 0
github.com/vlazic/mcp-server-manager/internal/config/loader.go:84.2,84.12 1 1
github.com/vlazic/mcp-server-manager/internal/config/parser.go:19.51,22.65 2 1
github.com/vlazic/mcp-server-manager/internal/config/parser.go:22.65,24.3 1 0
github.com/vlazic/mcp-server-manager/internal/config/parser.go:27.2,27.55 1 1
github.com/vlazic/mcp-server-manager/internal/config/parser.go:27.55,29.74 2 1
github.com/vlazic/mcp-server-manager/internal/config/parser.go:29.74,32.53 2 1
github.com/vlazic/mcp-server-manager/internal/config/parser.go:32.53,35.5 2 1
github.com/vlazic/mcp-server-manager/internal/config/parser.go:36.4,36.9 1 1
github.com/vlazic/mcp-server-manager/internal/config/parser.go:40.2,40.20 1 1
github.com/vlazic/mcp-server-manager/internal/config/parser.go:44.113,47.26 2 1
github.com/vlazic/mcp-server-manager/internal/config/parser.go:47.26,49.36 1 1
github.com/vlazic/mcp-server-manager/internal/config/parser.go:49.36,50.56 1 1
github.com/vlazic/mcp-server-manager/internal/config/parser.go:50.56,55.5 1 1
github.com/vlazic/mcp-server-manager/internal/config/parser.go:57.8,59.46 1 1
github.com/vlazic/mcp-server-manager/internal/config/parser.go:59.46,64.4 1 0
github.com/vlazic/mcp-server-manager/internal/config/parser.go:67.2,67.16 1 1
github.com/vlazic/mcp-server-manager/internal/config/parser.go:71.69,76.52 3 1
github.com/vlazic/mcp-server-manager/internal/config/parser.go:76.52,78.3 1 1
github.com/vlazic/mcp-server-manager/internal/config/parser.go:80.2,80.48 1 1
github.com/vlazic/mcp-server-manager/internal/config/parser.go:80.48,82.3 1 0
github.com/vlazic/mcp-server-manager/internal/config/parser.go:84.2,85.37 2 1
github.com/vlazic/mcp-server-manager/internal/handlers/api.go:16.72,20.2 1 0
github.com/vlazic/mcp-server-manager/internal/handlers/api.go:22.52,25.2 2 0
github.com/vlazic/mcp-server-manager/internal/handlers/api.go:27.49,30.2 2 0
github.com/vlazic/mcp-server-manager/internal/handlers/api.go:33.57,39.16 5 0
github.com/vlazic/mcp-server-manager/internal/handlers/api.go:39.16,42.3 2 0
github.com/vlazic/mcp-server-manager/internal/handlers/api.go:44.2,44.92 1 0
github.com/vlazic/mcp-server-manager/internal/handlers/api.go:44.92,47.3 2 0
github.com/vlazic/mcp-server-manager/internal/handlers/api.go:49.2,49.47 1 0
github.com/vlazic/mcp-server-manager/internal/handlers/api.go:52.54,56.16 3 0
github.com/vlazic/mcp-server-manager/internal/handlers/api.go:56.16,59.3 2 0
github.com/vlazic/mcp-server-manager/internal/handlers/api.go:61.2,61.31 1 0
github.com/vlazic/mcp-server-manager/internal/handlers/api.go:64.53,65.54 1 0
github.com/vlazic/mcp-server-manager/internal/handlers/api.go:65.54,68.3 2 0
github.com/vlazic/mcp-server-manager/internal/handlers/api.go:70.2,70.47 1 0
github.com/vlazic/mcp-server-manager/internal/handlers/api.go:73.48,79.55 2 0
github.com/vlazic/mcp-server-manager/internal/handlers/api.go:79.55,82.3 2 0
github.com/vlazic/mcp-server-manager/internal/handlers/api.go:84.2,84.38 1 0
github.com/vlazic/mcp-server-manager/internal/handlers/api.go:84.38,87.3 2 0
github.com/vlazic/mcp-server-manager/internal/handlers/api.go:90.2,92.51 3 0
github.com/vlazic/mcp-server-manager/internal/handlers/api.go:92.51,95.8 3 0
github.com/vlazic/mcp-server-manager/internal/handlers/api.go:98.2,98.73 1 0
github.com/vlazic/mcp-server-manager/internal/handlers/api.go:98.73,101.3 2 0
github.com/vlazic/mcp-server-manager/internal/handlers/api.go:103.2,109.4 1 0
github.com/vlazic/mcp-server-manager/internal/handlers/config_viewer.go:18.109,23.2 1 0
github.com/vlazic/mcp-server-manager/internal/handlers/config_viewer.go:25.60,28.16 2 0
github.com/vlazic/mcp-server-manager/internal/handlers/config_viewer.go:28.16,31.3 2 0
github.com/vlazic/mcp-server-manager/internal/handlers/config_viewer.go:33.2,37.4 1 0
github.com/vlazic/mcp-server-manager/internal/handlers/config_viewer.go:40.63,45.16 4 0
github.com/vlazic/mcp-server-manager/internal/handlers/config_viewer.go:45.16,48.3 2 0
github.com/vlazic/mcp-server-manager/internal/handlers/config_viewer.go:50.2,51.16 2 0
github.com/vlazic/mcp-server-manager/internal/handlers/config_viewer.go:51.16,54.3 2 0
github.com/vlazic/mcp-server-manager/internal/handlers/config_viewer.go:56.2,60.4 1 0
github.com/vlazic/mcp-server-manager/internal/handlers/web.go:19.72,23.2 1 0
github.com/vlazic/mcp-server-manager/internal/handlers/web.go:25.44,43.33 6 0
github.com/vlazic/mcp-server-manager/internal/handlers/web.go:43.33,48.3 1 0
github.com/vlazic/mcp-server-manager/internal/handlers/web.go:50.2,51.39 2 0
github.com/vlazic/mcp-server-manager/internal/handlers/web.go:51.39,57.3 1 0
github.com/vlazic/mcp-server-manager/internal/handlers/web.go:59.2,62.4 1 0
github.com/vlazic/mcp-server-manager/internal/handlers/web.go:66.61,72.16 5 0
github.com/vlazic/mcp-server-manager/internal/handlers/web.go:72.16,76.3 3 0
github.com/vlazic/mcp-server-manager/internal/handlers/web.go:78.2,78.92 1 0
github.com/vlazic/mcp-server-manager/internal/handlers/web.go:78.92,82.3 3 0
github.com/vlazic/mcp-server-manager/internal/handlers/web.go:84.2,85.16 2 0
github.com/vlazic/mcp-server-manager/internal/handlers/web.go:85.16,89.3 3 0
github.com/vlazic/mcp-server-manager/internal/handlers/web.go:92.2,94.13 3 0
github.com/vlazic/mcp-server-manager/internal/handlers/web.go:94.13,98.3 3 0
github.com/vlazic/mcp-server-manager/internal/handlers/web.go:101.2,106.4 1 0
github.com/vlazic/mcp-server-manager/internal/handlers/web.go:111.49,112.26 1 0
github.com/vlazic/mcp-server-manager/internal/handlers/web.go:112.26,113.16 1 0
github.com/vlazic/mcp-server-manager/internal/handlers/web.go:113.16,115.4 1 0
github.com/vlazic/mcp-server-manager/internal/handlers/web.go:117.2,117.14 1 0
github.com/vlazic/mcp-server-manager/internal/handlers/web.go:120.44,126.2 1 0
github.com/vlazic/mcp-server-manager/internal/handlers/web.go:128.86,146.2 3 0
github.com/vlazic/mcp-server-manager/internal/services/client_config.go:19.70,24.2 1 1
github.com/vlazic/mcp-server-manager/internal/services/client_config.go:26.99,28.19 2 1
github.com/vlazic/mcp-server-manager/internal/services/client_config.go:28.19,30.3 1 1
github.com/vlazic/mcp-server-manager/internal/services/client_config.go:32.2,34.16 3 1
github.com/vlazic/mcp-server-manager/internal/services/client_config.go:34.16,35.25 1 1
github.com/vlazic/mcp-server-manager/internal/services/client_config.go:35.25,40.4 1 1
github.com/vlazic/mcp-server-manager/internal/services/client_config.go:41.3,41.83 1 0
github.com/vlazic/mcp-server-manager/internal/services/client_config.go:44.2,45.57 2 1
github.com/vlazic/mcp-server-manager/internal/services/client_config.go:45.57,47.3 1 1
github.com/vlazic/mcp-server-manager/internal/services/client_config.go:50.2,50.36 1 1
github.com/vlazic/mcp-server-manager/internal/services/client_config.go:50.36,52.3 1 0
github.com/vlazic/mcp-server-manager/internal/services/client_config.go:54.2,54.23 1 1
github.com/vlazic/mcp-server-manager/internal/services/client_config.go:57.108,59.19 2 1
github.com/vlazic/mcp-server-manager/internal/services/client_config.go:59.19,61.3 1 0
github.com/vlazic/mcp-server-manager/internal/services/client_config.go:63.2,65.51 2 1
github.com/vlazic/mcp-server-manager/internal/services/client_config.go:65.51,67.3 1 0
github.com/vlazic/mcp-server-manager/internal/services/client_config.go:69.2,69.68 1 1
github.com/vlazic/mcp-server-manager/internal/services/client_config.go:69.68,71.3 1 0
github.com/vlazic/mcp-server-manager/internal/services/client_config.go:73.2,74.16 2 1
github.com/vlazic/mcp-server-manager/internal/services/client_config.go:74.16,76.3 1 0
github.com/vlazic/mcp-server-manager/internal/services/client_config.go:78.2,78.61 1 1
github.com/vlazic/mcp-server-manager/internal/services/client_config.go:78.61,80.3 1 1
github.com/vlazic/mcp-server-manager/internal/services/client_config.go:82.2,82.12 1 1
github.com/vlazic/mcp-server-manager/internal/services/client_config.go:85.104,87.16 2 1
github.com/vlazic/mcp-server-manager/internal/services/client_config.go:87.16,89.3 1 0
github.com/vlazic/mcp-server-manager/internal/services/client_config.go:92.2,93.9 2 1
github.com/vlazic/mcp-server-manager/internal/services/client_config.go:93.9,96.3 2 0
github.com/vlazic/mcp-server-manager/internal/services/client_config.go:98.2,98.13 1 1
github.com/vlazic/mcp-server-manager/internal/services/client_config.go:98.13,102.43 3 1
github.com/vlazic/mcp-server-manager/internal/services/client_config.go:102.43,103.30 1 1
github.com/vlazic/mcp-server-manager/internal/services/client_config.go:103.30,106.10 3 1
github.com/vlazic/mcp-server-manager/internal/services/client_config.go:109.3,109.13 1 1
github.com/vlazic/mcp-server-manager/internal/services/client_config.go:109.13,111.4 1 1
github.com/vlazic/mcp-server-manager/internal/services/client_config.go:116.3,117.40 2 1
github.com/vlazic/mcp-server-manager/internal/services/client_config.go:117.40,119.4 1 1
github.com/vlazic/mcp-server-manager/internal/services/client_config.go:121.3,121.40 1 1
github.com/vlazic/mcp-server-manager/internal/services/client_config.go:122.8,125.3 1 1
github.com/vlazic/mcp-server-manager/internal/services/client_config.go:127.2,127.51 1 1
github.com/vlazic/mcp-server-manager/internal/services/client_config.go:130.95,132.16 2 1
github.com/vlazic/mcp-server-manager/internal/services/client_config.go:132.16,134.3 1 0
github.com/vlazic/mcp-server-manager/internal/services/client_config.go:136.2,137.9 2 1
github.com/vlazic/mcp-server-manager/internal/services/client_config.go:137.9,139.3 1 0
github.com/vlazic/mcp-server-manager/internal/services/client_config.go:141.2,142.20 2 1
github.com/vlazic/mcp-server-manager/internal/services/client_config.go:145.70,146.54 1 1
github.com/vlazic/mcp-server-manager/internal/services/client_config.go:146.54,148.3 1 1
github.com/vlazic/mcp-server-manager/internal/services/client_config.go:149.2,149.12 1 1
github.com/vlazic/mcp-server-manager/internal/services/client_config.go:152.69,153.55 1 1
github.com/vlazic/mcp-server-manager/internal/services/client_config.go:153.55,155.3 1 1
github.com/vlazic/mcp-server-manager/internal/services/client_config.go:157.2,160.16 3 1
github.com/vlazic/mcp-server-manager/internal/services/client_config.go:160.16,162.3 1 0
github.com/vlazic/mcp-server-manager/internal/services/client_config.go:164.2,164.45 1 1
github.com/vlazic/mcp-server-manager/internal/services/mcp_manager.go:17.85,24.2 1 1
github.com/vlazic/mcp-server-manager/internal/services/mcp_manager.go:27.64,29.2 1 1
github.com/vlazic/mcp-server-manager/internal/services/mcp_manager.go:32.68,34.2 1 1
github.com/vlazic/mcp-server-manager/internal/services/mcp_manager.go:37.102,40.13 2 1
github.com/vlazic/mcp-server-manager/internal/services/mcp_manager.go:40.13,42.3 1 1
github.com/vlazic/mcp-server-manager/internal/services/mcp_manager.go:45.2,45.33 1 1
github.com/vlazic/mcp-server-manager/internal/services/mcp_manager.go:45.33,47.3 1 1
github.com/vlazic/mcp-server-manager/internal/services/mcp_manager.go:50.2,50.27 1 1
github.com/vlazic/mcp-server-manager/internal/services/mcp_manager.go:50.27,52.3 1 0
github.com/vlazic/mcp-server-manager/internal/services/mcp_manager.go:55.2,55.13 1 1
github.com/vlazic/mcp-server-manager/internal/services/mcp_manager.go:55.13,57.3 1 1
github.com/vlazic/mcp-server-manager/internal/services/mcp_manager.go:57.8,59.3 1 1
github.com/vlazic/mcp-server-manager/internal/services/mcp_manager.go:62.2,62.39 1 1
github.com/vlazic/mcp-server-manager/internal/services/mcp_manager.go:62.39,64.3 1 0
github.com/vlazic/mcp-server-manager/internal/services/mcp_manager.go:67.2,67.85 1 1
github.com/vlazic/mcp-server-manager/internal/services/mcp_manager.go:71.66,72.42 1 1
github.com/vlazic/mcp-server-manager/internal/services/mcp_manager.go:72.42,73.29 1 1
github.com/vlazic/mcp-server-manager/internal/services/mcp_manager.go:73.29,75.4 1 1
github.com/vlazic/mcp-server-manager/internal/services/mcp_manager.go:77.2,77.14 1 1
github.com/vlazic/mcp-server-manager/internal/services/mcp_manager.go:81.96,82.42 1 1
github.com/vlazic/mcp-server-manager/internal/services/mcp_manager.go:82.42,83.29 1 1
github.com/vlazic/mcp-server-manager/internal/services/mcp_manager.go:83.29,85.4 1 1
github.com/vlazic/mcp-server-manager/internal/services/mcp_manager.go:87.2,87.65 1 1
github.com/vlazic/mcp-server-manager/internal/services/mcp_manager.go:91.52,92.51 1 1
github.com/vlazic/mcp-server-manager/internal/services/mcp_manager.go:92.51,95.45 2 1
github.com/vlazic/mcp-server-manager/internal/services/mcp_manager.go:95.45,97.4 1 1
github.com/vlazic/mcp-server-manager/internal/services/mcp_manager.go:100.3,100.43 1 1
github.com/vlazic/mcp-server-manager/internal/services/mcp_manager.go:100.43,102.101 2 1
github.com/vlazic/mcp-server-manager/internal/services/mcp_manager.go:102.101,104.5 1 0
github.com/vlazic/mcp-server-manager/internal/services/mcp_manager.go:107.2,107.12 1 1
github.com/vlazic/mcp-server-manager/internal/services/mcp_manager.go:110.56,112.2 1 1
github.com/vlazic/mcp-server-manager/internal/services/mcp_manager.go:114.52,116.2 1 1
github.com/vlazic/mcp-server-manager/internal/services/mcp_manager.go:119.101,121.86 1 1
github.com/vlazic/mcp-server-manager/internal/services/mcp_manager.go:121.86,123.3 1 1
github.com/vlazic/mcp-server-manager/internal/services/mcp_manager.go:126.2,126.42 1 1
github.com/vlazic/mcp-server-manager/internal/services/mcp_manager.go:126.42,127.29 1 1
github.com/vlazic/mcp-server-manager/internal/services/mcp_manager.go:127.29,129.4 1 1
github.com/vlazic/mcp-server-manager/internal/services/mcp_manager.go:133.2,139.23 2 1
github.com/vlazic/mcp-server-manager/internal/services/mcp_manager.go:142.48,143.43 1 1
github.com/vlazic/mcp-server-manager/internal/services/mcp_manager.go:143.43,145.3 1 0
github.com/vlazic/mcp-server-manager/internal/services/mcp_manager.go:146.2,146.50 1 1
github.com/vlazic/mcp-server-manager/internal/services/slice_utils.go:4.49,5.26 1 1
github.com/vlazic/mcp-server-manager/internal/services/slice_utils.go:5.26,6.16 1 1
github.com/vlazic/mcp-server-manager/internal/services/slice_utils.go:6.16,8.4 1 1
github.com/vlazic/mcp-server-manager/internal/services/slice_utils.go:10.2,10.14 1 1
github.com/vlazic/mcp-server-manager/internal/services/slice_utils.go:14.54,15.27 1 1
github.com/vlazic/mcp-server-manager/internal/services/slice_utils.go:15.27,17.3 1 1
github.com/vlazic/mcp-server-manager/internal/services/slice_utils.go:18.2,18.28 1 1
github.com/vlazic/mcp-server-manager/internal/services/slice_utils.go:22.55,24.26 2 1
github.com/vlazic/mcp-server-manager/internal/services/slice_utils.go:24.26,25.16 1 1
github.com/vlazic/mcp-server-manager/internal/services/slice_utils.go:25.16,27.4 1 0
github.com/vlazic/mcp-server-manager/internal/services/slice_utils.go:29.2,29.15 1 1
github.com/vlazic/mcp-server-manager/internal/services/validator.go:11.46,13.2 1 1
github.com/vlazic/mcp-server-manager/internal/services/validator.go:16.72,17.56 1 1
github.com/vlazic/mcp-server-manager/internal/services/validator.go:17.56,19.3 1 1
github.com/vlazic/mcp-server-manager/internal/services/validator.go:21.2,21.33 1 1
github.com/vlazic/mcp-server-manager/internal/services/validator.go:21.33,23.3 1 1
github.com/vlazic/mcp-server-manager/internal/services/validator.go:25.2,25.30 1 1
github.com/vlazic/mcp-server-manager/internal/services/validator.go:25.30,27.3 1 1
github.com/vlazic/mcp-server-manager/internal/services/validator.go:30.2,30.43 1 1
github.com/vlazic/mcp-server-manager/internal/services/validator.go:30.43,31.79 1 1
github.com/vlazic/mcp-server-manager/internal/services/validator.go:31.79,33.4 1 1
github.com/vlazic/mcp-server-manager/internal/services/validator.go:37.2,38.43 2 1
github.com/vlazic/mcp-server-manager/internal/services/validator.go:38.43,40.3 1 1
github.com/vlazic/mcp-server-manager/internal/services/validator.go:43.2,43.49 1 1
github.com/vlazic/mcp-server-manager/internal/services/validator.go:43.49,44.62 1 1
github.com/vlazic/mcp-server-manager/internal/services/validator.go:44.62,46.4 1 0
github.com/vlazic/mcp-server-manager/internal/services/validator.go:49.3,49.45 1 1
github.com/vlazic/mcp-server-manager/internal/services/validator.go:49.45,50.32 1 1
github.com/vlazic/mcp-server-manager/internal/services/validator.go:50.32,52.5 1 1
github.com/vlazic/mcp-server-manager/internal/services/validator.go:56.2,56.12 1 1
github.com/vlazic/mcp-server-manager/internal/services/validator_client.go:11.91,12.41 1 1
github.com/vlazic/mcp-server-manager/internal/services/validator_client.go:12.41,14.3 1 1
github.com/vlazic/mcp-server-manager/internal/services/validator_client.go:16.2,16.29 1 1
github.com/vlazic/mcp-server-manager/internal/services/validator_client.go:16.29,18.3 1 1
github.com/vlazic/mcp-server-manager/internal/services/validator_client.go:21.2,21.12 1 1
github.com/vlazic/mcp-server-manager/internal/services/validator_client.go:25.90,26.36 1 1
github.com/vlazic/mcp-server-manager/internal/services/validator_client.go:26.36,28.3 1 1
github.com/vlazic/mcp-server-manager/internal/services/validator_client.go:30.2,30.61 1 1
github.com/vlazic/mcp-server-manager/internal/services/validator_client.go:30.61,31.36 1 1
github.com/vlazic/mcp-server-manager/internal/services/validator_client.go:31.36,33.4 1 1
github.com/vlazic/mcp-server-manager/internal/services/validator_client.go:36.3,37.10 2 1
github.com/vlazic/mcp-server-manager/internal/services/validator_client.go:37.10,38.12 1 0
github.com/vlazic/mcp-server-manager/internal/services/validator_client.go:42.3,43.17 2 1
github.com/vlazic/mcp-server-manager/internal/services/validator_client.go:43.17,45.4 1 1
github.com/vlazic/mcp-server-manager/internal/services/validator_client.go:48.2,48.12 1 1
github.com/vlazic/mcp-server-manager/internal/services/validator_server.go:21.94,36.31 3 1
github.com/vlazic/mcp-server-manager/internal/services/validator_server.go:36.31,37.71 1 1
github.com/vlazic/mcp-server-manager/internal/services/validator_server.go:37.71,42.4 1 1
github.com/vlazic/mcp-server-manager/internal/services/validator_server.go:45.2,45.38 1 1
github.com/vlazic/mcp-server-manager/internal/services/validator_server.go:49.78,51.29 2 1
github.com/vlazic/mcp-server-manager/internal/services/validator_server.go:51.29,53.3 1 1
github.com/vlazic/mcp-server-manager/internal/services/validator_server.go:55.2,56.9 2 1
github.com/vlazic/mcp-server-manager/internal/services/validator_server.go:56.9,58.3 1 0
github.com/vlazic/mcp-server-manager/internal/services/validator_server.go:60.2,60.36 1 1
github.com/vlazic/mcp-server-manager/internal/services/validator_server.go:67.35,70.16 2 1
github.com/vlazic/mcp-server-manager/internal/services/validator_server.go:70.16,72.3 1 1
github.com/vlazic/mcp-server-manager/internal/services/validator_server.go:74.2,74.15 1 1
github.com/vlazic/mcp-server-manager/internal/services/validator_server.go:74.15,76.3 1 1
github.com/vlazic/mcp-server-manager/internal/services/validator_server.go:78.2,78.44 1 1
github.com/vlazic/mcp-server-manager/internal/services/validator_server.go:82.100,83.23 1 1
github.com/vlazic/mcp-server-manager/internal/services/validator_server.go:84.24,85.35 1 1
github.com/vlazic/mcp-server-manager/internal/services/validator_server.go:85.35,87.4 1 1
github.com/vlazic/mcp-server-manager/internal/services/validator_server.go:88.35,89.46 1 1
github.com/vlazic/mcp-server-manager/internal/services/validator_server.go:89.46,91.4 1 1
github.com/vlazic/mcp-server-manager/internal/services/validator_server.go:93.2,93.12 1 1
github.com/vlazic/mcp-server-manager/internal/services/validator_server.go:97.65,98.74 1 1
github.com/vlazic/mcp-server-manager/internal/services/validator_server.go:98.74,99.60 1 1
github.com/vlazic/mcp-server-manager/internal/services/validator_server.go:99.60,101.4 1 1
github.com/vlazic/mcp-server-manager/internal/services/validator_server.go:103.2,103.12 1 1
github.com/vlazic/mcp-server-manager/internal/services/validator_server.go:107.78,109.27 2 1
github.com/vlazic/mcp-server-manager/internal/services/validator_server.go:109.27,111.3 1 1
github.com/vlazic/mcp-server-manager/internal/services/validator_server.go:113.2,114.9 2 1
github.com/vlazic/mcp-server-manager/internal/services/validator_server.go:114.9,116.3 1 0
github.com/vlazic/mcp-server-manager/internal/services/validator_server.go:118.2,118.33 1 1
github.com/vlazic/mcp-server-manager/internal/services/validator_server.go:118.33,119.35 1 1
github.com/vlazic/mcp-server-manager/internal/services/validator_server.go:119.35,121.4 1 1
github.com/vlazic/mcp-server-manager/internal/services/validator_server.go:122.3,122.33 1 1
github.com/vlazic/mcp-server-manager/internal/services/validator_server.go:122.33,124.4 1 1
github.com/vlazic/mcp-server-manager/internal/services/validator_server.go:125.3,125.75 1 1
github.com/vlazic/mcp-server-manager/internal/services/validator_server.go:125.75,127.4 1 1
github.com/vlazic/mcp-server-manager/internal/services/validator_server.go:129.2,129.12 1 1
github.com/vlazic/mcp-server-manager/internal/services/validator_server.go:133.114,134.41 1 1
github.com/vlazic/mcp-server-manager/internal/services/validator_server.go:134.41,136.3 1 1
github.com/vlazic/mcp-server-manager/internal/services/validator_server.go:139.2,140.16 2 1
github.com/vlazic/mcp-server-manager/internal/services/validator_server.go:140.16,142.3 1 1
github.com/vlazic/mcp-server-manager/internal/services/validator_server.go:144.2,144.80 1 1
github.com/vlazic/mcp-server-manager/internal/services/validator_server.go:144.80,146.3 1 1
github.com/vlazic/mcp-server-manager/internal/services/validator_server.go:149.2,149.54 1 1
github.com/vlazic/mcp-server-manager/internal/services/validator_server.go:149.54,151.3 1 1
github.com/vlazic/mcp-server-manager/internal/services/validator_server.go:153.2,153.67 1 1
github.com/vlazic/mcp-server-manager/internal/services/validator_server.go:153.67,155.3 1 1
github.com/vlazic/mcp-server-manager/internal/services/validator_server.go:157.2,157.12 1 1
github.com/vlazic/mcp-server-manager/internal/services/validator_server.go:161.68,164.2 2 1
github.com/vlazic/mcp-server-manager/internal/services/validator_server.go:167.61,169.16 2 1
github.com/vlazic/mcp-server-manager/internal/services/validator_server.go:169.16,171.3 1 0
github.com/vlazic/mcp-server-manager/internal/services/validator_server.go:174.2,174.28 1 1
github.com/vlazic/mcp-server-manager/internal/services/validator_server.go:174.28,176.3 1 1
github.com/vlazic/mcp-server-manager/internal/services/validator_server.go:177.2,177.26 1 1
github.com/vlazic/mcp-server-manager/internal/services/validator_server.go:177.26,179.3 1 1
github.com/vlazic/mcp-server-manager/internal/services/validator_server.go:182.2,182.63 1 1
github.com/vlazic/mcp-server-manager/internal/services/validator_server.go:182.63,184.3 1 1
github.com/vlazic/mcp-server-manager/internal/services/validator_server.go:186.2,186.12 1 1
